[debug] [2024-02-15T05:14:39.911Z] ----------------------------------------------------------------------
[debug] [2024-02-15T05:14:39.913Z] Command:       C:\Program Files\nodejs\node.exe C:\Users\Unions\AppData\Roaming\npm\node_modules\firebase-tools\lib\bin\firebase.js init
[debug] [2024-02-15T05:14:39.914Z] CLI Version:   13.3.0
[debug] [2024-02-15T05:14:39.914Z] Platform:      win32
[debug] [2024-02-15T05:14:39.914Z] Node Version:  v20.11.0
[debug] [2024-02-15T05:14:39.914Z] Time:          Thu Feb 15 2024 14:14:39 GMT+0900 (日本標準時)
[debug] [2024-02-15T05:14:39.914Z] ----------------------------------------------------------------------
[debug] 
[debug] [2024-02-15T05:14:39.920Z] > command requires scopes: ["email","openid","https://www.googleapis.com/auth/cloudplatformprojects.readonly","https://www.googleapis.com/auth/firebase","https://www.googleapis.com/auth/cloud-platform"]
[debug] [2024-02-15T05:14:39.920Z] > authorizing via signed-in user (engineer.joint102@gmail.com)
[info] 
     ######## #### ########  ######## ########     ###     ######  ########
     ##        ##  ##     ## ##       ##     ##  ##   ##  ##       ##
     ######    ##  ########  ######   ########  #########  ######  ######
     ##        ##  ##    ##  ##       ##     ## ##     ##       ## ##
     ##       #### ##     ## ######## ########  ##     ##  ######  ########

You're about to initialize a Firebase project in this directory:

  C:\Users\Unions\Desktop\project\backend\firebase-functions

[info] 
=== Project Setup
[info] 
[info] First, let's associate this project directory with a Firebase project.
[info] You can create multiple project aliases by running firebase use --add, 
[info] but for now we'll just set up a default project.
[info] 
[debug] [2024-02-15T05:33:28.226Z] >>> [apiv2][query] GET https://firebase.googleapis.com/v1beta1/projects pageSize=100
[debug] [2024-02-15T05:33:28.853Z] <<< [apiv2][status] GET https://firebase.googleapis.com/v1beta1/projects 200
[debug] [2024-02-15T05:33:28.853Z] <<< [apiv2][body] GET https://firebase.googleapis.com/v1beta1/projects [omitted]
[info] i  Using project sylvan-altar-388713 (My First Project) 
[info] 
=== Firestore Setup
[debug] [2024-02-15T05:33:37.951Z] >>> [apiv2][query] GET https://serviceusage.googleapis.com/v1/projects/sylvan-altar-388713/services/firestore.googleapis.com [none]
[debug] [2024-02-15T05:33:37.951Z] >>> [apiv2][(partial)header] GET https://serviceusage.googleapis.com/v1/projects/sylvan-altar-388713/services/firestore.googleapis.com x-goog-quota-user=projects/sylvan-altar-388713
[debug] [2024-02-15T05:33:39.074Z] <<< [apiv2][status] GET https://serviceusage.googleapis.com/v1/projects/sylvan-altar-388713/services/firestore.googleapis.com 200
[debug] [2024-02-15T05:33:39.074Z] <<< [apiv2][body] GET https://serviceusage.googleapis.com/v1/projects/sylvan-altar-388713/services/firestore.googleapis.com [omitted]
[debug] [2024-02-15T05:33:39.075Z] >>> [apiv2][query] GET https://firestore.googleapis.com/v1/projects/sylvan-altar-388713/databases/(default) [none]
[debug] [2024-02-15T05:33:40.278Z] <<< [apiv2][status] GET https://firestore.googleapis.com/v1/projects/sylvan-altar-388713/databases/(default) 200
[debug] [2024-02-15T05:33:40.278Z] <<< [apiv2][body] GET https://firestore.googleapis.com/v1/projects/sylvan-altar-388713/databases/(default) {"name":"projects/sylvan-altar-388713/databases/(default)","uid":"17307a3e-de28-4e11-a66d-ff34242ae599","createTime":"2024-02-08T13:39:07.541700Z","updateTime":"2024-02-08T13:39:07.541700Z","locationId":"asia-northeast2","type":"FIRESTORE_NATIVE","concurrencyMode":"PESSIMISTIC","versionRetentionPeriod":"3600s","earliestVersionTime":"2024-02-15T04:33:40.914070Z","appEngineIntegrationMode":"DISABLED","keyPrefix":"u","pointInTimeRecoveryEnablement":"POINT_IN_TIME_RECOVERY_DISABLED","deleteProtectionState":"DELETE_PROTECTION_DISABLED","etag":"IIffzsLPrIQDMJTJlIrvm4QD"}
[debug] [2024-02-15T05:33:40.278Z] database_type: FIRESTORE_NATIVE
[debug] [2024-02-15T05:33:40.278Z] > command requires scopes: ["email","openid","https://www.googleapis.com/auth/cloudplatformprojects.readonly","https://www.googleapis.com/auth/firebase","https://www.googleapis.com/auth/cloud-platform"]
[debug] [2024-02-15T05:33:40.279Z] > authorizing via signed-in user (engineer.joint102@gmail.com)
[debug] [2024-02-15T05:33:40.279Z] [iam] checking project sylvan-altar-388713 for permissions ["firebase.projects.get"]
[debug] [2024-02-15T05:33:40.279Z] >>> [apiv2][query] POST https://cloudresourcemanager.googleapis.com/v1/projects/sylvan-altar-388713:testIamPermissions [none]
[debug] [2024-02-15T05:33:40.279Z] >>> [apiv2][(partial)header] POST https://cloudresourcemanager.googleapis.com/v1/projects/sylvan-altar-388713:testIamPermissions x-goog-quota-user=projects/sylvan-altar-388713
[debug] [2024-02-15T05:33:40.279Z] >>> [apiv2][body] POST https://cloudresourcemanager.googleapis.com/v1/projects/sylvan-altar-388713:testIamPermissions {"permissions":["firebase.projects.get"]}
[debug] [2024-02-15T05:33:41.034Z] <<< [apiv2][status] POST https://cloudresourcemanager.googleapis.com/v1/projects/sylvan-altar-388713:testIamPermissions 200
[debug] [2024-02-15T05:33:41.034Z] <<< [apiv2][body] POST https://cloudresourcemanager.googleapis.com/v1/projects/sylvan-altar-388713:testIamPermissions {"permissions":["firebase.projects.get"]}
[info] 
[info] Firestore Security Rules allow you to define how and when to allow
[info] requests. You can keep these rules in your project directory
[info] and publish them with firebase deploy.
[info] 
[debug] [2024-02-15T05:34:59.423Z] >>> [apiv2][query] GET https://firebaserules.googleapis.com/v1/projects/sylvan-altar-388713/releases pageSize=10&pageToken=
[debug] [2024-02-15T05:34:59.820Z] <<< [apiv2][status] GET https://firebaserules.googleapis.com/v1/projects/sylvan-altar-388713/releases 200
[debug] [2024-02-15T05:34:59.821Z] <<< [apiv2][body] GET https://firebaserules.googleapis.com/v1/projects/sylvan-altar-388713/releases {"releases":[{"name":"projects/sylvan-altar-388713/releases/cloud.firestore","rulesetName":"projects/sylvan-altar-388713/rulesets/e9800662-5233-41c5-b850-d6bf84bd1f20","createTime":"2024-02-08T13:39:15.445336Z","updateTime":"2024-02-08T13:39:15.445336Z"}]}
[debug] [2024-02-15T05:34:59.821Z] Found ruleset: projects/sylvan-altar-388713/rulesets/e9800662-5233-41c5-b850-d6bf84bd1f20
[debug] [2024-02-15T05:34:59.821Z] >>> [apiv2][query] GET https://firebaserules.googleapis.com/v1/projects/sylvan-altar-388713/rulesets/e9800662-5233-41c5-b850-d6bf84bd1f20 [none]
[debug] [2024-02-15T05:35:00.856Z] <<< [apiv2][status] GET https://firebaserules.googleapis.com/v1/projects/sylvan-altar-388713/rulesets/e9800662-5233-41c5-b850-d6bf84bd1f20 200
[debug] [2024-02-15T05:35:00.856Z] <<< [apiv2][body] GET https://firebaserules.googleapis.com/v1/projects/sylvan-altar-388713/rulesets/e9800662-5233-41c5-b850-d6bf84bd1f20 [omitted]
[info] 
[info] Firestore indexes allow you to perform complex queries while
[info] maintaining performance that scales with the size of the result
[info] set. You can keep index definitions in your project directory
[info] and publish them with firebase deploy.
[info] 
[debug] [2024-02-15T05:36:35.176Z] >>> [apiv2][query] GET https://firestore.googleapis.com/v1/projects/sylvan-altar-388713/databases/(default)/collectionGroups/-/indexes [none]
[debug] [2024-02-15T05:36:35.178Z] >>> [apiv2][query] GET https://firestore.googleapis.com/v1/projects/sylvan-altar-388713/databases/(default)/collectionGroups/-/fields?filter=indexConfig.usesAncestorConfig=false OR ttlConfig:* [none]
[debug] [2024-02-15T05:36:38.748Z] <<< [apiv2][status] GET https://firestore.googleapis.com/v1/projects/sylvan-altar-388713/databases/(default)/collectionGroups/-/indexes 200
[debug] [2024-02-15T05:36:38.748Z] <<< [apiv2][body] GET https://firestore.googleapis.com/v1/projects/sylvan-altar-388713/databases/(default)/collectionGroups/-/indexes {}
[debug] [2024-02-15T05:36:38.848Z] <<< [apiv2][status] GET https://firestore.googleapis.com/v1/projects/sylvan-altar-388713/databases/(default)/collectionGroups/-/fields?filter=indexConfig.usesAncestorConfig=false OR ttlConfig:* 200
[debug] [2024-02-15T05:36:38.848Z] <<< [apiv2][body] GET https://firestore.googleapis.com/v1/projects/sylvan-altar-388713/databases/(default)/collectionGroups/-/fields?filter=indexConfig.usesAncestorConfig=false OR ttlConfig:* {"fields":[{"name":"projects/sylvan-altar-388713/databases/(default)/collectionGroups/__default__/fields/*","indexConfig":{"indexes":[{"queryScope":"COLLECTION","fields":[{"fieldPath":"*","order":"ASCENDING"}],"state":"READY"},{"queryScope":"COLLECTION","fields":[{"fieldPath":"*","order":"DESCENDING"}],"state":"READY"},{"queryScope":"COLLECTION","fields":[{"fieldPath":"*","arrayConfig":"CONTAINS"}],"state":"READY"}]}}]}
[info] 
=== Functions Setup
[debug] [2024-02-15T05:36:38.851Z] > command requires scopes: ["email","openid","https://www.googleapis.com/auth/cloudplatformprojects.readonly","https://www.googleapis.com/auth/firebase","https://www.googleapis.com/auth/cloud-platform"]
[debug] [2024-02-15T05:36:38.851Z] > authorizing via signed-in user (engineer.joint102@gmail.com)
[debug] [2024-02-15T05:36:38.851Z] [iam] checking project sylvan-altar-388713 for permissions ["firebase.projects.get"]
[debug] [2024-02-15T05:36:38.851Z] >>> [apiv2][query] POST https://cloudresourcemanager.googleapis.com/v1/projects/sylvan-altar-388713:testIamPermissions [none]
[debug] [2024-02-15T05:36:38.851Z] >>> [apiv2][(partial)header] POST https://cloudresourcemanager.googleapis.com/v1/projects/sylvan-altar-388713:testIamPermissions x-goog-quota-user=projects/sylvan-altar-388713
[debug] [2024-02-15T05:36:38.851Z] >>> [apiv2][body] POST https://cloudresourcemanager.googleapis.com/v1/projects/sylvan-altar-388713:testIamPermissions {"permissions":["firebase.projects.get"]}
[debug] [2024-02-15T05:36:39.593Z] <<< [apiv2][status] POST https://cloudresourcemanager.googleapis.com/v1/projects/sylvan-altar-388713:testIamPermissions 200
[debug] [2024-02-15T05:36:39.593Z] <<< [apiv2][body] POST https://cloudresourcemanager.googleapis.com/v1/projects/sylvan-altar-388713:testIamPermissions {"permissions":["firebase.projects.get"]}
[debug] [2024-02-15T05:36:39.594Z] >>> [apiv2][query] GET https://serviceusage.googleapis.com/v1/projects/sylvan-altar-388713/services/cloudfunctions.googleapis.com [none]
[debug] [2024-02-15T05:36:39.594Z] >>> [apiv2][(partial)header] GET https://serviceusage.googleapis.com/v1/projects/sylvan-altar-388713/services/cloudfunctions.googleapis.com x-goog-quota-user=projects/sylvan-altar-388713
[debug] [2024-02-15T05:36:39.595Z] >>> [apiv2][query] GET https://serviceusage.googleapis.com/v1/projects/sylvan-altar-388713/services/runtimeconfig.googleapis.com [none]
[debug] [2024-02-15T05:36:39.595Z] >>> [apiv2][(partial)header] GET https://serviceusage.googleapis.com/v1/projects/sylvan-altar-388713/services/runtimeconfig.googleapis.com x-goog-quota-user=projects/sylvan-altar-388713
[debug] [2024-02-15T05:36:40.678Z] <<< [apiv2][status] GET https://serviceusage.googleapis.com/v1/projects/sylvan-altar-388713/services/runtimeconfig.googleapis.com 200
[debug] [2024-02-15T05:36:40.678Z] <<< [apiv2][body] GET https://serviceusage.googleapis.com/v1/projects/sylvan-altar-388713/services/runtimeconfig.googleapis.com [omitted]
[debug] [2024-02-15T05:36:41.109Z] <<< [apiv2][status] GET https://serviceusage.googleapis.com/v1/projects/sylvan-altar-388713/services/cloudfunctions.googleapis.com 200
[debug] [2024-02-15T05:36:41.109Z] <<< [apiv2][body] GET https://serviceusage.googleapis.com/v1/projects/sylvan-altar-388713/services/cloudfunctions.googleapis.com [omitted]
[debug] [2024-02-15T05:36:41.109Z] >>> [apiv2][query] POST https://serviceusage.googleapis.com/v1/projects/sylvan-altar-388713/services/cloudfunctions.googleapis.com:enable [none]
[debug] [2024-02-15T05:36:41.109Z] >>> [apiv2][(partial)header] POST https://serviceusage.googleapis.com/v1/projects/sylvan-altar-388713/services/cloudfunctions.googleapis.com:enable x-goog-quota-user=projects/sylvan-altar-388713
[debug] [2024-02-15T05:36:41.732Z] <<< [apiv2][status] POST https://serviceusage.googleapis.com/v1/projects/sylvan-altar-388713/services/cloudfunctions.googleapis.com:enable 200
[debug] [2024-02-15T05:36:41.732Z] <<< [apiv2][body] POST https://serviceusage.googleapis.com/v1/projects/sylvan-altar-388713/services/cloudfunctions.googleapis.com:enable [omitted]
[debug] [2024-02-15T05:36:51.744Z] >>> [apiv2][query] GET https://serviceusage.googleapis.com/v1/projects/sylvan-altar-388713/services/cloudfunctions.googleapis.com [none]
[debug] [2024-02-15T05:36:51.744Z] >>> [apiv2][(partial)header] GET https://serviceusage.googleapis.com/v1/projects/sylvan-altar-388713/services/cloudfunctions.googleapis.com x-goog-quota-user=projects/sylvan-altar-388713
[debug] [2024-02-15T05:36:52.865Z] <<< [apiv2][status] GET https://serviceusage.googleapis.com/v1/projects/sylvan-altar-388713/services/cloudfunctions.googleapis.com 200
[debug] [2024-02-15T05:36:52.866Z] <<< [apiv2][body] GET https://serviceusage.googleapis.com/v1/projects/sylvan-altar-388713/services/cloudfunctions.googleapis.com [omitted]
[info] Let's create a new codebase for your functions.
[info] A directory corresponding to the codebase will be created in your project
[info] with sample code pre-configured.

[info] See https://firebase.google.com/docs/functions/organize-functions for
[info] more information on organizing your functions using codebases.

[info] Functions can be deployed with firebase deploy.

[info] +  Wrote functions/package.json 
[info] +  Wrote functions/.eslintrc.js 
[info] +  Wrote functions/index.js 
[info] +  Wrote functions/.gitignore 
[info] 
=== Hosting Setup
[debug] [2024-02-15T05:52:10.377Z] >>> [apiv2][query] GET https://firebase.googleapis.com/v1beta1/projects/sylvan-altar-388713 [none]
[debug] [2024-02-15T05:52:10.825Z] <<< [apiv2][status] GET https://firebase.googleapis.com/v1beta1/projects/sylvan-altar-388713 200
[debug] [2024-02-15T05:52:10.825Z] <<< [apiv2][body] GET https://firebase.googleapis.com/v1beta1/projects/sylvan-altar-388713 {"projectId":"sylvan-altar-388713","projectNumber":"173541475379","displayName":"My First Project","name":"projects/sylvan-altar-388713","resources":{"hostingSite":"sylvan-altar-388713"},"state":"ACTIVE","etag":"1_2763c6b8-b835-436c-8534-641cb053c8ef"}
[info] 
[info] Your public directory is the folder (relative to your project directory) that
[info] will contain Hosting assets to be uploaded with firebase deploy. If you
[info] have a build process for your assets, use your build's output directory.
[info] 
[debug] [2024-02-15T06:02:48.734Z] >>> [apiv2][query] GET https://www.gstatic.com/firebasejs/releases.json [none]
[debug] [2024-02-15T06:02:48.874Z] <<< [apiv2][status] GET https://www.gstatic.com/firebasejs/releases.json 200
[debug] [2024-02-15T06:02:48.874Z] <<< [apiv2][body] GET https://www.gstatic.com/firebasejs/releases.json {"current":{"version":"10.8.0","browserURL":"https://www.gstatic.com/firebasejs/10.8.0/firebase.js","packageURL":"https://www.gstatic.com/firebasejs/10.8.0/firebase.tgz"},"live":{"version":"10.8","browserURL":"https://www.gstatic.com/firebasejs/live/10.8/firebase.js","packageURL":"https://www.gstatic.com/firebasejs/live/10.8/firebase.tgz"},"components":{"analytics":"https://www.gstatic.com/firebasejs/10.8.0/firebase-analytics.js","app":"https://www.gstatic.com/firebasejs/10.8.0/firebase-app.js","app-check":"https://www.gstatic.com/firebasejs/10.8.0/firebase-app-check.js","auth":"https://www.gstatic.com/firebasejs/10.8.0/firebase-auth.js","auth/cordova":"https://www.gstatic.com/firebasejs/10.8.0/firebase-auth/cordova.js","auth/web-extension":"https://www.gstatic.com/firebasejs/10.8.0/firebase-auth/web-extension.js","functions":"https://www.gstatic.com/firebasejs/10.8.0/firebase-functions.js","firestore":"https://www.gstatic.com/firebasejs/10.8.0/firebase-firestore.js","firestore/lite":"https://www.gstatic.com/firebasejs/10.8.0/firebase-firestore/lite.js","installations":"https://www.gstatic.com/firebasejs/10.8.0/firebase-installations.js","storage":"https://www.gstatic.com/firebasejs/10.8.0/firebase-storage.js","performance":"https://www.gstatic.com/firebasejs/10.8.0/firebase-performance.js","remote-config":"https://www.gstatic.com/firebasejs/10.8.0/firebase-remote-config.js","messaging":"https://www.gstatic.com/firebasejs/10.8.0/firebase-messaging.js","messaging/sw":"https://www.gstatic.com/firebasejs/10.8.0/firebase-messaging/sw.js","database":"https://www.gstatic.com/firebasejs/10.8.0/firebase-database.js","firestore.memory":"https://www.gstatic.com/firebasejs/10.8.0/firebase-firestore.memory.js"}}
[info] +  Wrote build/index.html 
[info] 
[info] i  Didn't detect a .git folder. Assuming C:\Users\Unions\Desktop\project\backend\firebase-functions is the project root. 
[info] i  Authorizing with GitHub to upload your service account to a GitHub repository's secrets store. 
[info] 
[info] Visit this URL on this device to log in:
[info] https://github.com/login/oauth/authorize?client_id=89cf50f02ac6aaed3484&state=701225501&redirect_uri=http%3A%2F%2Flocalhost%3A9005&scope=read%3Auser%20repo%20public_repo
[info] 
[info] Waiting for authentication...
[debug] [2024-02-15T06:03:15.053Z] >>> [apiv2][query] POST https://github.com/login/oauth/access_token [none]
[debug] [2024-02-15T06:03:15.053Z] >>> [apiv2][body] POST https://github.com/login/oauth/access_token [stream]
[debug] [2024-02-15T06:03:15.419Z] <<< [apiv2][status] POST https://github.com/login/oauth/access_token 200
[debug] [2024-02-15T06:03:15.419Z] <<< [apiv2][body] POST https://github.com/login/oauth/access_token {"access_token":"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","token_type":"bearer","scope":"read:user,repo"}
[debug] [2024-02-15T06:03:15.423Z] >>> [apiv2][query] GET https://api.github.com/user [none]
[debug] [2024-02-15T06:03:15.758Z] <<< [apiv2][status] GET https://api.github.com/user 200
[debug] [2024-02-15T06:03:15.758Z] <<< [apiv2][body] GET https://api.github.com/user {"login":"t-norun","id":98812570,"node_id":"U_kgDOBePCmg","avatar_url":"https://avatars.githubusercontent.com/u/98812570?v=4","gravatar_id":"","url":"https://api.github.com/users/t-norun","html_url":"https://github.com/t-norun","followers_url":"https://api.github.com/users/t-norun/followers","following_url":"https://api.github.com/users/t-norun/following{/other_user}","gists_url":"https://api.github.com/users/t-norun/gists{/gist_id}","starred_url":"https://api.github.com/users/t-norun/starred{/owner}{/repo}","subscriptions_url":"https://api.github.com/users/t-norun/subscriptions","organizations_url":"https://api.github.com/users/t-norun/orgs","repos_url":"https://api.github.com/users/t-norun/repos","events_url":"https://api.github.com/users/t-norun/events{/privacy}","received_events_url":"https://api.github.com/users/t-norun/received_events","type":"User","site_admin":false,"name":null,"company":null,"blog":"","location":null,"email":null,"hireable":null,"bio":null,"twitter_username":null,"public_repos":1,"public_gists":0,"followers":0,"following":0,"created_at":"2022-02-01T10:32:19Z","updated_at":"2022-02-25T11:37:56Z","private_gists":0,"total_private_repos":0,"owned_private_repos":0,"disk_usage":0,"collaborators":0,"two_factor_authentication":false,"plan":{"name":"free","space":976562499,"collaborators":0,"private_repos":10000}}
[info] 
[info] +  Success! Logged into GitHub as t-norun 
[info] 
